[2022-07-15T12:46:48.270Z] Log level: Info
[2022-07-15T12:46:48.272Z] [info] Validating found git in: git
[2022-07-15T12:46:48.290Z] [info] Using git 2.37.1 from git
[2022-07-15T12:46:48.307Z] > git rev-parse --show-toplevel [5ms]
[2022-07-15T12:46:48.325Z] > git rev-parse --git-dir --git-common-dir [9ms]
[2022-07-15T12:46:48.336Z] [info] Open repository: /home/damian/documents/courses
[2022-07-15T12:46:48.421Z] > git status -z -uall [71ms]
[2022-07-15T12:46:48.430Z] > git symbolic-ref --short HEAD [2ms]
[2022-07-15T12:46:48.438Z] > git for-each-ref --format=%(refname)%00%(upstream:short)%00%(objectname)%00%(upstream:track)%00%(upstream:remotename)%00%(upstream:remoteref) refs/heads/main refs/remotes/main [3ms]
[2022-07-15T12:46:48.452Z] > git remote --verbose [2ms]
[2022-07-15T12:46:48.453Z] > git for-each-ref --sort -committerdate --format %(refname) %(objectname) %(*objectname) [8ms]
[2022-07-15T12:46:48.466Z] > git config --get commit.template [1ms]
[2022-07-15T12:46:48.500Z] > git status -z -uall [24ms]
[2022-07-15T12:46:48.507Z] > git symbolic-ref --short HEAD [1ms]
[2022-07-15T12:46:48.515Z] > git for-each-ref --format=%(refname)%00%(upstream:short)%00%(objectname)%00%(upstream:track)%00%(upstream:remotename)%00%(upstream:remoteref) refs/heads/main refs/remotes/main [2ms]
[2022-07-15T12:46:48.526Z] > git for-each-ref --sort -committerdate --format %(refname) %(objectname) %(*objectname) [6ms]
[2022-07-15T12:46:48.527Z] > git remote --verbose [2ms]
[2022-07-15T12:46:48.536Z] > git config --get commit.template [2ms]
[2022-07-15T12:46:48.900Z] > git check-ignore -v -z --stdin [2ms]
[2022-07-15T12:46:49.665Z] > git show --textconv :linear/octave/vector.json [20ms]
[2022-07-15T12:46:49.697Z] > git ls-files --stage -- /home/damian/documents/courses/linear/octave/vector.json [43ms]
[2022-07-15T12:46:49.984Z] > git show --textconv :linear/octave/vectors.m [13ms]
[2022-07-15T12:46:49.989Z] > git ls-files --stage -- /home/damian/documents/courses/linear/octave/vectors.m [6ms]
[2022-07-15T12:46:55.025Z] > git show --textconv :linear/octave/vector.json [12ms]
[2022-07-15T12:46:55.026Z] > git ls-files --stage -- /home/damian/documents/courses/linear/octave/vector.json [3ms]
[2022-07-15T12:46:57.233Z] > git show --textconv :linear/octave/vectors.m [9ms]
[2022-07-15T12:46:57.236Z] > git ls-files --stage -- /home/damian/documents/courses/linear/octave/vectors.m [4ms]
[2022-07-15T12:49:15.335Z] > git check-ignore -v -z --stdin [2ms]
[2022-07-15T12:49:24.950Z] > git show --textconv :linear/octave/vector.json [10ms]
[2022-07-15T12:49:24.952Z] > git ls-files --stage -- /home/damian/documents/courses/linear/octave/vector.json [4ms]
[2022-07-15T12:49:25.804Z] > git show --textconv :linear/octave/vectors.m [6ms]
[2022-07-15T12:49:25.806Z] > git ls-files --stage -- /home/damian/documents/courses/linear/octave/vectors.m [3ms]
[2022-07-15T12:51:18.575Z] > git show --textconv :linear/octave/vector.json [13ms]
[2022-07-15T12:51:18.578Z] > git ls-files --stage -- /home/damian/documents/courses/linear/octave/vector.json [6ms]
[2022-07-15T12:51:18.942Z] > git show --textconv :linear/octave/vectors.m [8ms]
[2022-07-15T12:51:18.943Z] > git ls-files --stage -- /home/damian/documents/courses/linear/octave/vectors.m [2ms]
[2022-07-15T12:51:24.751Z] > git status -z -uall [24ms]
[2022-07-15T12:51:24.761Z] > git symbolic-ref --short HEAD [1ms]
[2022-07-15T12:51:24.769Z] > git for-each-ref --format=%(refname)%00%(upstream:short)%00%(objectname)%00%(upstream:track)%00%(upstream:remotename)%00%(upstream:remoteref) refs/heads/main refs/remotes/main [1ms]
[2022-07-15T12:51:24.785Z] > git for-each-ref --sort -committerdate --format %(refname) %(objectname) %(*objectname) [9ms]
[2022-07-15T12:51:24.790Z] > git remote --verbose [8ms]
[2022-07-15T12:51:24.807Z] > git config --get commit.template [2ms]
