[2022-07-15 14:45:02.172] [sharedprocess] [info] Starting worker process with pid 13207 (type: fileWatcher, window: 1).
[2022-07-15 14:45:21.000] [sharedprocess] [info] Getting Manifest... whizkydee.material-palenight-theme
[2022-07-15 14:45:21.102] [sharedprocess] [info] Installing extension: whizkydee.material-palenight-theme
[2022-07-15 14:45:22.047] [sharedprocess] [info] Downloaded extension: whizkydee.material-palenight-theme /home/damian/.config/Code - OSS/CachedExtensionVSIXs/whizkydee.material-palenight-theme-2.0.2
[2022-07-15 14:45:22.103] [sharedprocess] [info] Extracted extension to /home/damian/.vscode-oss/extensions/.000a58cc-b7ef-4c92-b0eb-caf98a579f90: whizkydee.material-palenight-theme
[2022-07-15 14:45:22.112] [sharedprocess] [info] Renamed to /home/damian/.vscode-oss/extensions/whizkydee.material-palenight-theme-2.0.2
[2022-07-15 14:45:22.115] [sharedprocess] [info] Extracting completed. whizkydee.material-palenight-theme
[2022-07-15 14:45:22.117] [sharedprocess] [info] Extension installed successfully: whizkydee.material-palenight-theme
[2022-07-15 14:45:46.808] [sharedprocess] [info] Getting Manifest... equinusocio.vsc-material-theme
[2022-07-15 14:45:46.871] [sharedprocess] [info] Installing extension: equinusocio.vsc-material-theme
[2022-07-15 14:45:47.619] [sharedprocess] [info] Getting Manifest... equinusocio.vsc-community-material-theme
[2022-07-15 14:45:47.955] [sharedprocess] [info] Getting Manifest... equinusocio.vsc-material-theme-icons
[2022-07-15 14:45:48.427] [sharedprocess] [info] Installing extension: equinusocio.vsc-community-material-theme
[2022-07-15 14:45:48.428] [sharedprocess] [info] Installing extension: equinusocio.vsc-material-theme-icons
[2022-07-15 14:45:49.233] [sharedprocess] [info] Downloaded extension: equinusocio.vsc-community-material-theme /home/damian/.config/Code - OSS/CachedExtensionVSIXs/equinusocio.vsc-community-material-theme-1.4.4
[2022-07-15 14:45:49.281] [sharedprocess] [info] Extracted extension to /home/damian/.vscode-oss/extensions/.ae4092ef-2992-4b70-9c74-4b30a250a670: equinusocio.vsc-community-material-theme
[2022-07-15 14:45:49.289] [sharedprocess] [info] Renamed to /home/damian/.vscode-oss/extensions/equinusocio.vsc-community-material-theme-1.4.4
[2022-07-15 14:45:49.292] [sharedprocess] [info] Extracting completed. equinusocio.vsc-community-material-theme
[2022-07-15 14:45:49.812] [sharedprocess] [info] Downloaded extension: equinusocio.vsc-material-theme-icons /home/damian/.config/Code - OSS/CachedExtensionVSIXs/equinusocio.vsc-material-theme-icons-2.3.1
[2022-07-15 14:45:54.204] [sharedprocess] [info] Extracted extension to /home/damian/.vscode-oss/extensions/.fd2fdfaf-d949-423a-9505-9235ee2aa8b8: equinusocio.vsc-material-theme-icons
[2022-07-15 14:45:54.218] [sharedprocess] [info] Renamed to /home/damian/.vscode-oss/extensions/equinusocio.vsc-material-theme-icons-2.3.1
[2022-07-15 14:45:54.221] [sharedprocess] [info] Extracting completed. equinusocio.vsc-material-theme-icons
[2022-07-15 14:45:54.798] [sharedprocess] [info] Downloaded extension: equinusocio.vsc-material-theme /home/damian/.config/Code - OSS/CachedExtensionVSIXs/equinusocio.vsc-material-theme-33.5.0
[2022-07-15 14:45:54.917] [sharedprocess] [info] Extracted extension to /home/damian/.vscode-oss/extensions/.c6728989-737b-4365-93d5-1d7b25e82dab: equinusocio.vsc-material-theme
[2022-07-15 14:45:54.926] [sharedprocess] [info] Renamed to /home/damian/.vscode-oss/extensions/equinusocio.vsc-material-theme-33.5.0
[2022-07-15 14:45:54.930] [sharedprocess] [info] Extracting completed. equinusocio.vsc-material-theme
[2022-07-15 14:45:54.933] [sharedprocess] [info] Extension installed successfully: equinusocio.vsc-community-material-theme
[2022-07-15 14:45:54.933] [sharedprocess] [info] Extension installed successfully: equinusocio.vsc-material-theme-icons
[2022-07-15 14:45:54.934] [sharedprocess] [info] Extension installed successfully: equinusocio.vsc-material-theme
[2022-07-15 14:46:42.188] [sharedprocess] [info] Worker process with pid 13207 terminated normally (type: fileWatcher, window: 1).
[2022-07-15 14:46:44.305] [sharedprocess] [info] Starting worker process with pid 13350 (type: fileWatcher, window: 1).
[2022-07-15 14:49:00.708] [sharedprocess] [info] Getting Manifest... vscodevim.vim
[2022-07-15 14:49:00.765] [sharedprocess] [info] Installing extension: vscodevim.vim
[2022-07-15 14:49:02.125] [sharedprocess] [info] Downloaded extension: vscodevim.vim /home/damian/.config/Code - OSS/CachedExtensionVSIXs/vscodevim.vim-1.23.1
[2022-07-15 14:49:02.284] [sharedprocess] [info] Extracted extension to /home/damian/.vscode-oss/extensions/.8e1c2a39-2b76-4a41-ba09-62034cf22119: vscodevim.vim
[2022-07-15 14:49:02.293] [sharedprocess] [info] Renamed to /home/damian/.vscode-oss/extensions/vscodevim.vim-1.23.1
[2022-07-15 14:49:02.300] [sharedprocess] [info] Extracting completed. vscodevim.vim
[2022-07-15 14:49:02.302] [sharedprocess] [info] Extension installed successfully: vscodevim.vim
